{
  "stats": {
    "suites": 1,
    "tests": 4,
    "passes": 3,
    "pending": 0,
    "failures": 1,
    "start": "2022-10-07T09:37:21.691Z",
    "end": "2022-10-07T09:37:29.598Z",
    "duration": 7907,
    "testsRegistered": 4,
    "passPercent": 75,
    "pendingPercent": 0,
    "other": 0,
    "hasOther": false,
    "skipped": 0,
    "hasSkipped": false
  },
  "results": [
    {
      "uuid": "4b236a4b-e361-4327-979c-ed4e267c376f",
      "title": "",
      "fullFile": "cypress/e2e/spec.cy.js",
      "file": "cypress/e2e/spec.cy.js",
      "beforeHooks": [],
      "afterHooks": [],
      "tests": [],
      "suites": [
        {
          "uuid": "07c2b351-8fda-4205-9e5a-2acceff01ed1",
          "title": "empty spec",
          "fullFile": "",
          "file": "",
          "beforeHooks": [],
          "afterHooks": [],
          "tests": [
            {
              "title": "loads the homepage",
              "fullTitle": "empty spec loads the homepage",
              "timedOut": null,
              "duration": 602,
              "state": "passed",
              "speed": "fast",
              "pass": true,
              "fail": false,
              "pending": false,
              "context": null,
              "code": "cy.get(\"h1\").should(\"contain\", \"Basic calculator\");",
              "err": {},
              "uuid": "e05b62e5-fc4f-43ff-bbf4-e6065ab76b86",
              "parentUUID": "07c2b351-8fda-4205-9e5a-2acceff01ed1",
              "isHook": false,
              "skipped": false
            },
            {
              "title": "contains a link to working addition functionality",
              "fullTitle": "empty spec contains a link to working addition functionality",
              "timedOut": null,
              "duration": 1035,
              "state": "passed",
              "speed": "fast",
              "pass": true,
              "fail": false,
              "pending": false,
              "context": null,
              "code": "cy.get('[href=\"/sums/addition\"]').click();\ncy.get('[cy-id=\"inputOne\"]').type(\"5\");\ncy.get('[cy-id=\"inputTwo\"]').type(\"10\");\ncy.get('[cy-id=\"equalsButton\"]').click();\ncy.get('[cy-id=\"calculationResult\"]').should(\"have.text\", 15);",
              "err": {},
              "uuid": "455f2823-635f-43f6-9412-4952e9114859",
              "parentUUID": "07c2b351-8fda-4205-9e5a-2acceff01ed1",
              "isHook": false,
              "skipped": false
            },
            {
              "title": "contains a link to working multiplication functionality",
              "fullTitle": "empty spec contains a link to working multiplication functionality",
              "timedOut": null,
              "duration": 5135,
              "state": "failed",
              "speed": null,
              "pass": false,
              "fail": true,
              "pending": false,
              "context": null,
              "code": "const randomNum = getRandomIntInclusive(1, 2);\ncy.get('[href=\"/sums/multiplication\"]').click();\ncy.get('[cy-id=\"inputOne\"]').type(randomNum);\ncy.get('[cy-id=\"inputTwo\"]').type(\"10\");\ncy.get('[cy-id=\"equalsButton\"]').click();\ncy.get('[cy-id=\"calculationResult\"]').should(\"have.text\", 20);",
              "err": {
                "message": "AssertionError: Timed out retrying after 4000ms: expected '<div.CalculationResult>' to have text '20', but the text was '10'",
                "estack": "AssertionError: Timed out retrying after 4000ms: expected '<div.CalculationResult>' to have text '20', but the text was '10'\n    at Context.eval (webpack:///./cypress/e2e/spec.cy.js:33:42)",
                "diff": "- '10'\n+ '20'\n"
              },
              "uuid": "5976d39c-96a1-48dc-b365-81124ffae96e",
              "parentUUID": "07c2b351-8fda-4205-9e5a-2acceff01ed1",
              "isHook": false,
              "skipped": false
            },
            {
              "title": "contains a link to working subtraction functionality",
              "fullTitle": "empty spec contains a link to working subtraction functionality",
              "timedOut": null,
              "duration": 1044,
              "state": "passed",
              "speed": "fast",
              "pass": true,
              "fail": false,
              "pending": false,
              "context": null,
              "code": "cy.get('[href=\"/sums/subtraction\"]').click();\ncy.get('[cy-id=\"inputOne\"]').type(\"5\");\ncy.get('[cy-id=\"inputTwo\"]').type(\"10\");\ncy.get('[cy-id=\"equalsButton\"]').click();\ncy.get('[cy-id=\"calculationResult\"]').should(\"have.text\", -5);",
              "err": {},
              "uuid": "083af41f-67d4-4cd6-b66a-410521e9a01b",
              "parentUUID": "07c2b351-8fda-4205-9e5a-2acceff01ed1",
              "isHook": false,
              "skipped": false
            }
          ],
          "suites": [],
          "passes": [
            "e05b62e5-fc4f-43ff-bbf4-e6065ab76b86",
            "455f2823-635f-43f6-9412-4952e9114859",
            "083af41f-67d4-4cd6-b66a-410521e9a01b"
          ],
          "failures": [
            "5976d39c-96a1-48dc-b365-81124ffae96e"
          ],
          "pending": [],
          "skipped": [],
          "duration": 7816,
          "root": false,
          "rootEmpty": false,
          "_timeout": 2000
        }
      ],
      "passes": [],
      "failures": [],
      "pending": [],
      "skipped": [],
      "duration": 0,
      "root": true,
      "rootEmpty": true,
      "_timeout": 2000
    }
  ],
  "meta": {
    "mocha": {
      "version": "7.0.1"
    },
    "mochawesome": {
      "options": {
        "quiet": false,
        "reportFilename": "mochawesome",
        "saveHtml": false,
        "saveJson": true,
        "consoleReporter": "spec",
        "useInlineDiffs": false,
        "code": true
      },
      "version": "7.1.3"
    },
    "marge": {
      "options": {
        "reportDir": "cypress/reports/.jsons",
        "charts": true,
        "reportPageTitle": "My Test Suite",
        "embeddedScreenshots": true,
        "inlineAssets": true,
        "overwrite": false,
        "html": false,
        "json": true
      },
      "version": "6.2.0"
    }
  }
}