{
  "stats": {
    "suites": 1,
    "tests": 4,
    "passes": 2,
    "pending": 0,
    "failures": 2,
    "start": "2022-10-06T11:08:54.271Z",
    "end": "2022-10-06T11:09:06.974Z",
    "duration": 12703,
    "testsRegistered": 4,
    "passPercent": 50,
    "pendingPercent": 0,
    "other": 0,
    "hasOther": false,
    "skipped": 0,
    "hasSkipped": false
  },
  "results": [
    {
      "uuid": "539ba86d-a85c-494b-9511-1e0833989401",
      "title": "",
      "fullFile": "cypress/e2e/spec.cy.js",
      "file": "cypress/e2e/spec.cy.js",
      "beforeHooks": [],
      "afterHooks": [],
      "tests": [],
      "suites": [
        {
          "uuid": "b3c083c8-3221-4281-8cc3-cdc9fdb7df27",
          "title": "empty spec",
          "fullFile": "",
          "file": "",
          "beforeHooks": [],
          "afterHooks": [],
          "tests": [
            {
              "title": "loads the homepage",
              "fullTitle": "empty spec loads the homepage",
              "timedOut": null,
              "duration": 1020,
              "state": "passed",
              "speed": "fast",
              "pass": true,
              "fail": false,
              "pending": false,
              "context": null,
              "code": "cy.get(\"h1\").should(\"contain\", \"Basic calculator\");",
              "err": {},
              "uuid": "a1a7b768-bbbc-4b82-bee0-415635843db7",
              "parentUUID": "b3c083c8-3221-4281-8cc3-cdc9fdb7df27",
              "isHook": false,
              "skipped": false
            },
            {
              "title": "contains a link to working addition functionality",
              "fullTitle": "empty spec contains a link to working addition functionality",
              "timedOut": null,
              "duration": 1155,
              "state": "passed",
              "speed": "fast",
              "pass": true,
              "fail": false,
              "pending": false,
              "context": null,
              "code": "cy.get('[href=\"/sums/addition\"]').click();\ncy.get('[cy-id=\"inputOne\"]').type(\"5\");\ncy.get('[cy-id=\"inputTwo\"]').type(\"10\");\ncy.get('[cy-id=\"equalsButton\"]').click();\ncy.get('[cy-id=\"calculationResult\"]').should(\"have.text\", 15);",
              "err": {},
              "uuid": "95826237-14fe-4307-8eb4-f880d627e513",
              "parentUUID": "b3c083c8-3221-4281-8cc3-cdc9fdb7df27",
              "isHook": false,
              "skipped": false
            },
            {
              "title": "contains a link to working multiplication functionality",
              "fullTitle": "empty spec contains a link to working multiplication functionality",
              "timedOut": null,
              "duration": 5212,
              "state": "failed",
              "speed": null,
              "pass": false,
              "fail": true,
              "pending": false,
              "context": null,
              "code": "const randomNum = getRandomIntInclusive(1, 2);\ncy.get('[href=\"/sums/multiplication\"]').click();\ncy.get('[cy-id=\"inputOne\"]').type(randomNum);\ncy.get('[cy-id=\"inputTwo\"]').type(\"10\");\ncy.get('[cy-id=\"equalsButton\"]').click();\ncy.get('[cy-id=\"calculationResult\"]').should(\"have.text\", 20);",
              "err": {
                "message": "AssertionError: Timed out retrying after 4000ms: expected '<div.CalculationResult>' to have text '20', but the text was '10'",
                "estack": "AssertionError: Timed out retrying after 4000ms: expected '<div.CalculationResult>' to have text '20', but the text was '10'\n    at Context.eval (webpack:///./cypress/e2e/spec.cy.js:33:42)",
                "diff": "- '10'\n+ '20'\n"
              },
              "uuid": "77aaa537-d3c2-4f14-8a7c-e681bfbbe478",
              "parentUUID": "b3c083c8-3221-4281-8cc3-cdc9fdb7df27",
              "isHook": false,
              "skipped": false
            },
            {
              "title": "contains a link to working subtraction functionality",
              "fullTitle": "empty spec contains a link to working subtraction functionality",
              "timedOut": null,
              "duration": 5245,
              "state": "failed",
              "speed": null,
              "pass": false,
              "fail": true,
              "pending": false,
              "context": null,
              "code": "cy.get('[href=\"/sums/subtraction\"]').click();\ncy.get('[cy-id=\"inputOne\"]').type(\"5\");\ncy.get('[cy-id=\"inputTwo\"]').type(\"10\");\ncy.get('[cy-id=\"equalsButton\"]').click();\ncy.get('[cy-id=\"calculationResult\"]').should(\"have.text\", 15);",
              "err": {
                "message": "AssertionError: Timed out retrying after 4000ms: expected '<div.CalculationResult>' to have text '15', but the text was '-5'",
                "estack": "AssertionError: Timed out retrying after 4000ms: expected '<div.CalculationResult>' to have text '15', but the text was '-5'\n    at Context.eval (webpack:///./cypress/e2e/spec.cy.js:42:42)",
                "diff": "- '-5'\n+ '15'\n"
              },
              "uuid": "14339f30-ef5a-42f6-b720-5b7b9781a1ff",
              "parentUUID": "b3c083c8-3221-4281-8cc3-cdc9fdb7df27",
              "isHook": false,
              "skipped": false
            }
          ],
          "suites": [],
          "passes": [
            "a1a7b768-bbbc-4b82-bee0-415635843db7",
            "95826237-14fe-4307-8eb4-f880d627e513"
          ],
          "failures": [
            "77aaa537-d3c2-4f14-8a7c-e681bfbbe478",
            "14339f30-ef5a-42f6-b720-5b7b9781a1ff"
          ],
          "pending": [],
          "skipped": [],
          "duration": 12632,
          "root": false,
          "rootEmpty": false,
          "_timeout": 2000
        }
      ],
      "passes": [],
      "failures": [],
      "pending": [],
      "skipped": [],
      "duration": 0,
      "root": true,
      "rootEmpty": true,
      "_timeout": 2000
    }
  ],
  "meta": {
    "mocha": {
      "version": "7.0.1"
    },
    "mochawesome": {
      "options": {
        "quiet": false,
        "reportFilename": "mochawesome",
        "saveHtml": false,
        "saveJson": true,
        "consoleReporter": "spec",
        "useInlineDiffs": false,
        "code": true
      },
      "version": "7.1.3"
    },
    "marge": {
      "options": {
        "reportDir": "cypress/reports/.jsons",
        "charts": true,
        "reportPageTitle": "My Test Suite",
        "embeddedScreenshots": true,
        "inlineAssets": true,
        "overwrite": false,
        "html": false,
        "json": true
      },
      "version": "6.2.0"
    }
  }
}