{
  "stats": {
    "suites": 1,
    "tests": 4,
    "passes": 4,
    "pending": 0,
    "failures": 0,
    "start": "2022-10-07T10:15:55.859Z",
    "end": "2022-10-07T10:15:59.637Z",
    "duration": 3778,
    "testsRegistered": 4,
    "passPercent": 100,
    "pendingPercent": 0,
    "other": 0,
    "hasOther": false,
    "skipped": 0,
    "hasSkipped": false
  },
  "results": [
    {
      "uuid": "38b87a9c-8eff-4092-b7e4-5fb2895ef732",
      "title": "",
      "fullFile": "cypress/e2e/spec.cy.js",
      "file": "cypress/e2e/spec.cy.js",
      "beforeHooks": [],
      "afterHooks": [],
      "tests": [],
      "suites": [
        {
          "uuid": "a50599e9-0c2d-4e1c-bd98-1ba1a1838693",
          "title": "empty spec",
          "fullFile": "",
          "file": "",
          "beforeHooks": [],
          "afterHooks": [],
          "tests": [
            {
              "title": "loads the homepage",
              "fullTitle": "empty spec loads the homepage",
              "timedOut": null,
              "duration": 617,
              "state": "passed",
              "speed": "fast",
              "pass": true,
              "fail": false,
              "pending": false,
              "context": null,
              "code": "cy.get(\"h1\").should(\"contain\", \"Basic calculator\");",
              "err": {},
              "uuid": "42f43e37-8d48-446c-807e-64134293d117",
              "parentUUID": "a50599e9-0c2d-4e1c-bd98-1ba1a1838693",
              "isHook": false,
              "skipped": false
            },
            {
              "title": "contains a link to working addition functionality",
              "fullTitle": "empty spec contains a link to working addition functionality",
              "timedOut": null,
              "duration": 1079,
              "state": "passed",
              "speed": "fast",
              "pass": true,
              "fail": false,
              "pending": false,
              "context": null,
              "code": "cy.get('[href=\"/sums/addition\"]').click();\ncy.get('[cy-id=\"inputOne\"]').type(\"5\");\ncy.get('[cy-id=\"inputTwo\"]').type(\"10\");\ncy.get('[cy-id=\"equalsButton\"]').click();\ncy.get('[cy-id=\"calculationResult\"]').should(\"have.text\", 15);",
              "err": {},
              "uuid": "80b6f24b-3caa-480b-b05d-8e8bd5a51a28",
              "parentUUID": "a50599e9-0c2d-4e1c-bd98-1ba1a1838693",
              "isHook": false,
              "skipped": false
            },
            {
              "title": "contains a link to working multiplication functionality",
              "fullTitle": "empty spec contains a link to working multiplication functionality",
              "timedOut": null,
              "duration": 1025,
              "state": "passed",
              "speed": "fast",
              "pass": true,
              "fail": false,
              "pending": false,
              "context": null,
              "code": "const randomNum = getRandomIntInclusive(1, 2);\ncy.get('[href=\"/sums/multiplication\"]').click();\ncy.get('[cy-id=\"inputOne\"]').type(randomNum);\ncy.get('[cy-id=\"inputTwo\"]').type(\"10\");\ncy.get('[cy-id=\"equalsButton\"]').click();\ncy.get('[cy-id=\"calculationResult\"]').should(\"have.text\", 20);",
              "err": {},
              "uuid": "cb18d834-3b32-49a6-8073-4fa75e8920fc",
              "parentUUID": "a50599e9-0c2d-4e1c-bd98-1ba1a1838693",
              "isHook": false,
              "skipped": false
            },
            {
              "title": "contains a link to working subtraction functionality",
              "fullTitle": "empty spec contains a link to working subtraction functionality",
              "timedOut": null,
              "duration": 1009,
              "state": "passed",
              "speed": "fast",
              "pass": true,
              "fail": false,
              "pending": false,
              "context": null,
              "code": "cy.get('[href=\"/sums/subtraction\"]').click();\ncy.get('[cy-id=\"inputOne\"]').type(\"5\");\ncy.get('[cy-id=\"inputTwo\"]').type(\"10\");\ncy.get('[cy-id=\"equalsButton\"]').click();\ncy.get('[cy-id=\"calculationResult\"]').should(\"have.text\", -5);",
              "err": {},
              "uuid": "7ccc390f-1640-4316-8339-9c49fa11fd98",
              "parentUUID": "a50599e9-0c2d-4e1c-bd98-1ba1a1838693",
              "isHook": false,
              "skipped": false
            }
          ],
          "suites": [],
          "passes": [
            "42f43e37-8d48-446c-807e-64134293d117",
            "80b6f24b-3caa-480b-b05d-8e8bd5a51a28",
            "cb18d834-3b32-49a6-8073-4fa75e8920fc",
            "7ccc390f-1640-4316-8339-9c49fa11fd98"
          ],
          "failures": [],
          "pending": [],
          "skipped": [],
          "duration": 3730,
          "root": false,
          "rootEmpty": false,
          "_timeout": 2000
        }
      ],
      "passes": [],
      "failures": [],
      "pending": [],
      "skipped": [],
      "duration": 0,
      "root": true,
      "rootEmpty": true,
      "_timeout": 2000
    }
  ],
  "meta": {
    "mocha": {
      "version": "7.0.1"
    },
    "mochawesome": {
      "options": {
        "quiet": false,
        "reportFilename": "mochawesome",
        "saveHtml": false,
        "saveJson": true,
        "consoleReporter": "spec",
        "useInlineDiffs": false,
        "code": true
      },
      "version": "7.1.3"
    },
    "marge": {
      "options": {
        "reportDir": "cypress/reports/.jsons",
        "charts": true,
        "reportPageTitle": "My Test Suite",
        "embeddedScreenshots": true,
        "inlineAssets": true,
        "overwrite": false,
        "html": false,
        "json": true
      },
      "version": "6.2.0"
    }
  }
}