{
  "stats": {
    "suites": 1,
    "tests": 4,
    "passes": 4,
    "pending": 0,
    "failures": 0,
    "start": "2022-10-07T10:09:44.047Z",
    "end": "2022-10-07T10:09:47.811Z",
    "duration": 3764,
    "testsRegistered": 4,
    "passPercent": 100,
    "pendingPercent": 0,
    "other": 0,
    "hasOther": false,
    "skipped": 0,
    "hasSkipped": false
  },
  "results": [
    {
      "uuid": "e372b708-b912-4375-bcce-35e7904e0da1",
      "title": "",
      "fullFile": "cypress/e2e/spec.cy.js",
      "file": "cypress/e2e/spec.cy.js",
      "beforeHooks": [],
      "afterHooks": [],
      "tests": [],
      "suites": [
        {
          "uuid": "c220e8d5-4295-45b3-bc6f-c77a89c66820",
          "title": "empty spec",
          "fullFile": "",
          "file": "",
          "beforeHooks": [],
          "afterHooks": [],
          "tests": [
            {
              "title": "loads the homepage",
              "fullTitle": "empty spec loads the homepage",
              "timedOut": null,
              "duration": 638,
              "state": "passed",
              "speed": "fast",
              "pass": true,
              "fail": false,
              "pending": false,
              "context": null,
              "code": "cy.get(\"h1\").should(\"contain\", \"Basic calculator\");",
              "err": {},
              "uuid": "fd4d9dcf-8cfd-40fc-94d6-84dec14272f6",
              "parentUUID": "c220e8d5-4295-45b3-bc6f-c77a89c66820",
              "isHook": false,
              "skipped": false
            },
            {
              "title": "contains a link to working addition functionality",
              "fullTitle": "empty spec contains a link to working addition functionality",
              "timedOut": null,
              "duration": 1049,
              "state": "passed",
              "speed": "fast",
              "pass": true,
              "fail": false,
              "pending": false,
              "context": null,
              "code": "cy.get('[href=\"/sums/addition\"]').click();\ncy.get('[cy-id=\"inputOne\"]').type(\"5\");\ncy.get('[cy-id=\"inputTwo\"]').type(\"10\");\ncy.get('[cy-id=\"equalsButton\"]').click();\ncy.get('[cy-id=\"calculationResult\"]').should(\"have.text\", 15);",
              "err": {},
              "uuid": "df36946d-f642-446b-a635-a7c3d613bb69",
              "parentUUID": "c220e8d5-4295-45b3-bc6f-c77a89c66820",
              "isHook": false,
              "skipped": false
            },
            {
              "title": "contains a link to working multiplication functionality",
              "fullTitle": "empty spec contains a link to working multiplication functionality",
              "timedOut": null,
              "duration": 991,
              "state": "passed",
              "speed": "fast",
              "pass": true,
              "fail": false,
              "pending": false,
              "context": null,
              "code": "const randomNum = getRandomIntInclusive(1, 2);\ncy.get('[href=\"/sums/multiplication\"]').click();\ncy.get('[cy-id=\"inputOne\"]').type(randomNum);\ncy.get('[cy-id=\"inputTwo\"]').type(\"10\");\ncy.get('[cy-id=\"equalsButton\"]').click();\ncy.get('[cy-id=\"calculationResult\"]').should(\"have.text\", 20);",
              "err": {},
              "uuid": "f27992a4-76c8-4288-a7eb-921f5cde9f72",
              "parentUUID": "c220e8d5-4295-45b3-bc6f-c77a89c66820",
              "isHook": false,
              "skipped": false
            },
            {
              "title": "contains a link to working subtraction functionality",
              "fullTitle": "empty spec contains a link to working subtraction functionality",
              "timedOut": null,
              "duration": 1022,
              "state": "passed",
              "speed": "fast",
              "pass": true,
              "fail": false,
              "pending": false,
              "context": null,
              "code": "cy.get('[href=\"/sums/subtraction\"]').click();\ncy.get('[cy-id=\"inputOne\"]').type(\"5\");\ncy.get('[cy-id=\"inputTwo\"]').type(\"10\");\ncy.get('[cy-id=\"equalsButton\"]').click();\ncy.get('[cy-id=\"calculationResult\"]').should(\"have.text\", -5);",
              "err": {},
              "uuid": "2f4cc49e-6b44-4756-aa8e-9c86e2c0765f",
              "parentUUID": "c220e8d5-4295-45b3-bc6f-c77a89c66820",
              "isHook": false,
              "skipped": false
            }
          ],
          "suites": [],
          "passes": [
            "fd4d9dcf-8cfd-40fc-94d6-84dec14272f6",
            "df36946d-f642-446b-a635-a7c3d613bb69",
            "f27992a4-76c8-4288-a7eb-921f5cde9f72",
            "2f4cc49e-6b44-4756-aa8e-9c86e2c0765f"
          ],
          "failures": [],
          "pending": [],
          "skipped": [],
          "duration": 3700,
          "root": false,
          "rootEmpty": false,
          "_timeout": 2000
        }
      ],
      "passes": [],
      "failures": [],
      "pending": [],
      "skipped": [],
      "duration": 0,
      "root": true,
      "rootEmpty": true,
      "_timeout": 2000
    }
  ],
  "meta": {
    "mocha": {
      "version": "7.0.1"
    },
    "mochawesome": {
      "options": {
        "quiet": false,
        "reportFilename": "mochawesome",
        "saveHtml": false,
        "saveJson": true,
        "consoleReporter": "spec",
        "useInlineDiffs": false,
        "code": true
      },
      "version": "7.1.3"
    },
    "marge": {
      "options": {
        "reportDir": "cypress/reports/.jsons",
        "charts": true,
        "reportPageTitle": "My Test Suite",
        "embeddedScreenshots": true,
        "inlineAssets": true,
        "overwrite": false,
        "html": false,
        "json": true
      },
      "version": "6.2.0"
    }
  }
}